# JRE version: Java(TM) SE Runtime Environment (8.0_11-b12) (build 1.8.0_11-b12)
# Java VM: Java HotSpot(TM) 64-Bit Server VM (25.11-b03 mixed mode bsd-amd64 compressed oops)
Heap:
 PSYoungGen      total 80384K, used 28866K [0x00000007a0000000, 0x00000007a6300000, 0x00000007c0000000)
  eden space 67584K, 23% used [0x00000007a0000000,0x00000007a0fb6178,0x00000007a4200000)
  from space 12800K, 99% used [0x00000007a5100000,0x00000007a5d7a958,0x00000007a5d80000)
  to   space 15360K, 0% used [0x00000007a4200000,0x00000007a4200000,0x00000007a5100000)
 ParOldGen       total 35328K, used 27377K [0x0000000760000000, 0x0000000762280000, 0x00000007a0000000)
  object space 35328K, 77% used [0x0000000760000000,0x0000000761abc440,0x0000000762280000)
 Metaspace       used 58318K, capacity 60030K, committed 60160K, reserved 1101824K
  class space    used 8243K, capacity 8653K, committed 8704K, reserved 1048576K
GC Heap History (10 events):
Event: 14.597 GC heap before
{Heap before GC invocations=30 (full 4):
 PSYoungGen      total 73728K, used 5625K [0x00000007a0000000, 0x00000007a5300000, 0x00000007c0000000)
  eden space 63488K, 0% used [0x00000007a0000000,0x00000007a0000000,0x00000007a3e00000)
  from space 10240K, 54% used [0x00000007a4900000,0x00000007a4e7e568,0x00000007a5300000)
  to   space 10752K, 0% used [0x00000007a3e00000,0x00000007a3e00000,0x00000007a4880000)
 ParOldGen       total 25088K, used 21136K [0x0000000760000000, 0x0000000761880000, 0x00000007a0000000)
  object space 25088K, 84% used [0x0000000760000000,0x00000007614a4368,0x0000000761880000)
 Metaspace       used 45526K, capacity 46552K, committed 46592K, reserved 1089536K
  class space    used 6349K, capacity 6639K, committed 6656K, reserved 1048576K
Event: 14.743 GC heap after
Heap after GC invocations=30 (full 4):
 PSYoungGen      total 73728K, used 0K [0x00000007a0000000, 0x00000007a5300000, 0x00000007c0000000)
  eden space 63488K, 0% used [0x00000007a0000000,0x00000007a0000000,0x00000007a3e00000)
  from space 10240K, 0% used [0x00000007a4900000,0x00000007a4900000,0x00000007a5300000)
  to   space 10752K, 0% used [0x00000007a3e00000,0x00000007a3e00000,0x00000007a4880000)
 ParOldGen       total 35328K, used 24986K [0x0000000760000000, 0x0000000762280000, 0x00000007a0000000)
  object space 35328K, 70% used [0x0000000760000000,0x0000000761866be8,0x0000000762280000)
 Metaspace       used 45526K, capacity 46552K, committed 46592K, reserved 1089536K
  class space    used 6349K, capacity 6639K, committed 6656K, reserved 1048576K
}
Event: 16.095 GC heap before
{Heap before GC invocations=31 (full 4):
 PSYoungGen      total 73728K, used 63488K [0x00000007a0000000, 0x00000007a5300000, 0x00000007c0000000)
  eden space 63488K, 100% used [0x00000007a0000000,0x00000007a3e00000,0x00000007a3e00000)
  from space 10240K, 0% used [0x00000007a4900000,0x00000007a4900000,0x00000007a5300000)
  to   space 10752K, 0% used [0x00000007a3e00000,0x00000007a3e00000,0x00000007a4880000)
 ParOldGen       total 35328K, used 24986K [0x0000000760000000, 0x0000000762280000, 0x00000007a0000000)
  object space 35328K, 70% used [0x0000000760000000,0x0000000761866be8,0x0000000762280000)
 Metaspace       used 48470K, capacity 49828K, committed 49920K, reserved 1091584K
  class space    used 6775K, capacity 7105K, committed 7168K, reserved 1048576K
Event: 16.105 GC heap after
Heap after GC invocations=31 (full 4):
 PSYoungGen      total 74240K, used 4675K [0x00000007a0000000, 0x00000007a5580000, 0x00000007c0000000)
  eden space 63488K, 0% used [0x00000007a0000000,0x00000007a0000000,0x00000007a3e00000)
  from space 10752K, 43% used [0x00000007a3e00000,0x00000007a4290df8,0x00000007a4880000)
  to   space 10240K, 0% used [0x00000007a4b80000,0x00000007a4b80000,0x00000007a5580000)
 ParOldGen       total 35328K, used 24994K [0x0000000760000000, 0x0000000762280000, 0x00000007a0000000)
  object space 35328K, 70% used [0x0000000760000000,0x0000000761868be8,0x0000000762280000)
 Metaspace       used 48470K, capacity 49828K, committed 49920K, reserved 1091584K
  class space    used 6775K, capacity 7105K, committed 7168K, reserved 1048576K
}
Event: 17.920 GC heap before
{Heap before GC invocations=32 (full 4):
 PSYoungGen      total 74240K, used 68163K [0x00000007a0000000, 0x00000007a5580000, 0x00000007c0000000)
  eden space 63488K, 100% used [0x00000007a0000000,0x00000007a3e00000,0x00000007a3e00000)
  from space 10752K, 43% used [0x00000007a3e00000,0x00000007a4290df8,0x00000007a4880000)
  to   space 10240K, 0% used [0x00000007a4b80000,0x00000007a4b80000,0x00000007a5580000)
 ParOldGen       total 35328K, used 24994K [0x0000000760000000, 0x0000000762280000, 0x00000007a0000000)
  object space 35328K, 70% used [0x0000000760000000,0x0000000761868be8,0x0000000762280000)
 Metaspace       used 52252K, capacity 53944K, committed 54144K, reserved 1095680K
  class space    used 7371K, capacity 7753K, committed 7808K, reserved 1048576K
Event: 17.942 GC heap after
Heap after GC invocations=32 (full 4):
 PSYoungGen      total 76800K, used 7661K [0x00000007a0000000, 0x00000007a5680000, 0x00000007c0000000)
  eden space 66560K, 0% used [0x00000007a0000000,0x00000007a0000000,0x00000007a4100000)
  from space 10240K, 74% used [0x00000007a4b80000,0x00000007a52fb498,0x00000007a5580000)
  to   space 10752K, 0% used [0x00000007a4100000,0x00000007a4100000,0x00000007a4b80000)
 ParOldGen       total 35328K, used 25002K [0x0000000760000000, 0x0000000762280000, 0x00000007a0000000)
  object space 35328K, 70% used [0x0000000760000000,0x000000076186abe8,0x0000000762280000)
 Metaspace       used 52252K, capacity 53944K, committed 54144K, reserved 1095680K
  class space    used 7371K, capacity 7753K, committed 7808K, reserved 1048576K
}
Event: 20.123 GC heap before
{Heap before GC invocations=33 (full 4):
 PSYoungGen      total 76800K, used 74221K [0x00000007a0000000, 0x00000007a5680000, 0x00000007c0000000)
  eden space 66560K, 100% used [0x00000007a0000000,0x00000007a4100000,0x00000007a4100000)
  from space 10240K, 74% used [0x00000007a4b80000,0x00000007a52fb498,0x00000007a5580000)
  to   space 10752K, 0% used [0x00000007a4100000,0x00000007a4100000,0x00000007a4b80000)
 ParOldGen       total 35328K, used 25002K [0x0000000760000000, 0x0000000762280000, 0x00000007a0000000)
  object space 35328K, 70% used [0x0000000760000000,0x000000076186abe8,0x0000000762280000)
 Metaspace       used 54060K, capacity 55808K, committed 55936K, reserved 1097728K
  class space    used 7597K, capacity 7965K, committed 8064K, reserved 1048576K
Event: 20.139 GC heap after
Heap after GC invocations=33 (full 4):
 PSYoungGen      total 77312K, used 10723K [0x00000007a0000000, 0x00000007a5d80000, 0x00000007c0000000)
  eden space 66560K, 0% used [0x00000007a0000000,0x00000007a0000000,0x00000007a4100000)
  from space 10752K, 99% used [0x00000007a4100000,0x00000007a4b78cd0,0x00000007a4b80000)
  to   space 12800K, 0% used [0x00000007a5100000,0x00000007a5100000,0x00000007a5d80000)
 ParOldGen       total 35328K, used 25308K [0x0000000760000000, 0x0000000762280000, 0x00000007a0000000)
  object space 35328K, 71% used [0x0000000760000000,0x00000007618b7198,0x0000000762280000)
 Metaspace       used 54060K, capacity 55808K, committed 55936K, reserved 1097728K
  class space    used 7597K, capacity 7965K, committed 8064K, reserved 1048576K
}
Event: 21.611 GC heap before
{Heap before GC invocations=34 (full 4):
 PSYoungGen      total 77312K, used 77283K [0x00000007a0000000, 0x00000007a5d80000, 0x00000007c0000000)
  eden space 66560K, 100% used [0x00000007a0000000,0x00000007a4100000,0x00000007a4100000)
  from space 10752K, 99% used [0x00000007a4100000,0x00000007a4b78cd0,0x00000007a4b80000)
  to   space 12800K, 0% used [0x00000007a5100000,0x00000007a5100000,0x00000007a5d80000)
 ParOldGen       total 35328K, used 25308K [0x0000000760000000, 0x0000000762280000, 0x00000007a0000000)
  object space 35328K, 71% used [0x0000000760000000,0x00000007618b7198,0x0000000762280000)
 Metaspace       used 57145K, capacity 58880K, committed 59136K, reserved 1099776K
  class space    used 8041K, capacity 8413K, committed 8448K, reserved 1048576K
Event: 21.638 GC heap after
Heap after GC invocations=34 (full 4):
 PSYoungGen      total 80384K, used 12778K [0x00000007a0000000, 0x00000007a6300000, 0x00000007c0000000)
  eden space 67584K, 0% used [0x00000007a0000000,0x00000007a0000000,0x00000007a4200000)
  from space 12800K, 99% used [0x00000007a5100000,0x00000007a5d7a958,0x00000007a5d80000)
  to   space 15360K, 0% used [0x00000007a4200000,0x00000007a4200000,0x00000007a5100000)
 ParOldGen       total 35328K, used 27377K [0x0000000760000000, 0x0000000762280000, 0x00000007a0000000)
  object space 35328K, 77% used [0x0000000760000000,0x0000000761abc440,0x0000000762280000)
 Metaspace       used 57145K, capacity 58880K, committed 59136K, reserved 1099776K
  class space    used 8041K, capacity 8413K, committed 8448K, reserved 1048576K
}

